<?xml version="1.0" encoding="UTF-8"?>
<!-- Generated by org.testng.reporters.JUnitXMLReporter -->
<testsuite ignored="0" hostname="svt-laptop-72" failures="0" tests="2" name="RegressionSuite" time="41.509" errors="0" timestamp="2023-06-05T14:36:26 IST">
  <testcase classname="io.cucumber.testng.AbstractTestNGCucumberTests" name="runScenario" time="12.701"/>
  <testcase classname="io.cucumber.testng.AbstractTestNGCucumberTests" name="runScenario" time="27.98"/>
</testsuite> <!-- RegressionSuite -->
